<?xml version="1.0" encoding="UTF-8"?>
<!-- Generated by org.testng.reporters.JUnitReportReporter -->
<testsuite hostname="LAPTOP-LT3093GT" failures="0" tests="1" name="com.todos.tests.AddTodoTest" time="7.902" errors="0" timestamp="12 Feb 2021 19:43:20 GMT">
  <testcase classname="com.todos.tests.AddTodoTest" name="iCanAddTodo" time="7.902"/>
</testsuite> <!-- com.todos.tests.AddTodoTest -->
